2024-10-23 15:52:37,166 - GLens - ERROR - user_managementhandler - 21 - Error occurred while adding user due to argument should be a bytes-like object or ASCII string, not 'Request'. Kindly try after sometime
2024-12-02 16:31:22,867 - GLens - ERROR - user_managementhandler - 22 - Error occurred while adding user due to 'UserManagement' object has no attribute 'mongodb'. Kindly try after sometime
2024-12-03 10:37:52,177 - GLens - ERROR - user_managementhandler - 22 - Error occurred while adding user due to poultry-db.aw2y2.mongodb.net:27017: [Errno 11001] getaddrinfo failed, Timeout: 30s, Topology Description: <TopologyDescription id: 674e9206071632868da52950, topology_type: Single, servers: [<ServerDescription ('poultry-db.aw2y2.mongodb.net', 27017) server_type: Unknown, rtt: None, error=AutoReconnect('poultry-db.aw2y2.mongodb.net:27017: [Errno 11001] getaddrinfo failed')>]>. Kindly try after sometime
2024-12-03 11:13:11,557 - GLens - ERROR - user_managementhandler - 21 - Error occurred while adding user due to 'UserManagement' object has no attribute 'mongo_obj'. Kindly try after sometime
2024-12-03 11:24:58,826 - GLens - ERROR - user_managementhandler - 21 - Error occurred while adding user due to 'UserManagement' object has no attribute 'mongo_obj'. Kindly try after sometime
2024-12-03 14:27:49,192 - GLens - INFO - mongoUtility - 17 - Connected to database: poultry, collection: user_details
2024-12-03 14:28:55,083 - GLens - INFO - mongoUtility - 17 - Connected to database: poultry, collection: user_details
2024-12-03 14:30:05,207 - GLens - INFO - mongoUtility - 17 - Connected to database: poultry, collection: user_details
2024-12-03 14:42:10,882 - GLens - INFO - mongoUtility - 17 - Connected to database: poultry, collection: user_details
2024-12-03 14:42:35,247 - GLens - INFO - mongoUtility - 17 - Connected to database: poultry, collection: user_details
2024-12-03 14:43:07,419 - GLens - INFO - mongoUtility - 17 - Connected to database: poultry, collection: user_details
2024-12-03 14:45:04,146 - GLens - INFO - mongoUtility - 17 - Connected to database: poultry, collection: user_details
2024-12-03 14:58:55,645 - GLens - INFO - mongoUtility - 17 - Connected to database: poultry, collection: user_details
2024-12-03 15:00:11,273 - GLens - INFO - mongoUtility - 17 - Connected to database: poultry, collection: user_details
2024-12-03 15:01:01,590 - GLens - INFO - mongoUtility - 17 - Connected to database: poultry, collection: user_details
2024-12-03 15:03:54,873 - GLens - INFO - mongoUtility - 17 - Connected to database: poultry, collection: user_details
2024-12-03 15:04:41,098 - GLens - INFO - mongoUtility - 17 - Connected to database: poultry, collection: user_details
2024-12-03 15:07:41,405 - GLens - INFO - mongoUtility - 17 - Connected to database: poultry, collection: user_details
2024-12-03 15:08:07,451 - GLens - INFO - mongoUtility - 17 - Connected to database: poultry, collection: user_details
2024-12-03 15:11:22,891 - GLens - INFO - mongoUtility - 17 - Connected to database: poultry, collection: user_details
2024-12-03 15:11:44,650 - GLens - INFO - mongoUtility - 17 - Connected to database: poultry, collection: user_details
2024-12-03 15:16:45,282 - GLens - INFO - mongoUtility - 17 - Connected to database: poultry, collection: user_details
2024-12-04 10:30:54,026 - GLens - INFO - mongoUtility - 17 - Connected to database: poultry, collection: user_details
2024-12-04 14:25:31,275 - GLens - INFO - mongoUtility - 17 - Connected to database: poultry, collection: user_details
2024-12-04 15:31:59,768 - GLens - ERROR - user_managementhandler - 82 - Error occurred while logging to the portal due to 'userName'. Kindly try after sometime
2024-12-04 16:18:46,772 - GLens - ERROR - user_managementhandler - 94 - Error occurred while logging to the portal due to 'userName'. Kindly try after sometime
2024-12-04 16:19:48,160 - GLens - ERROR - user_managementhandler - 94 - Error occurred while logging to the portal due to string indices must be integers. Kindly try after sometime
2024-12-04 16:20:12,431 - GLens - INFO - mongoUtility - 17 - Connected to database: poultry, collection: user_details
2024-12-04 16:21:38,384 - GLens - INFO - mongoUtility - 17 - Connected to database: poultry, collection: user_details
2024-12-04 16:21:43,091 - GLens - ERROR - user_managementhandler - 94 - Error occurred while logging to the portal due to string indices must be integers. Kindly try after sometime
2024-12-04 16:25:22,226 - GLens - INFO - mongoUtility - 17 - Connected to database: poultry, collection: user_details
2024-12-04 18:19:29,802 - GLens - INFO - mongoUtility - 17 - Connected to database: poultry, collection: user_details
2024-12-04 18:32:58,789 - GLens - INFO - mongoUtility - 17 - Connected to database: poultry, collection: user_details
2024-12-04 18:34:10,581 - GLens - INFO - mongoUtility - 17 - Connected to database: poultry, collection: user_details
2024-12-04 18:40:55,718 - GLens - INFO - mongoUtility - 17 - Connected to database: poultry, collection: user_details
2024-12-04 18:43:51,967 - GLens - INFO - mongoUtility - 17 - Connected to database: poultry, collection: user_details
2024-12-04 18:45:07,598 - GLens - INFO - mongoUtility - 17 - Connected to database: poultry, collection: user_details
2024-12-05 10:33:47,662 - GLens - INFO - mongoUtility - 17 - Connected to database: poultry, collection: user_details
2024-12-05 16:11:45,110 - GLens - INFO - mongoUtility - 17 - Connected to database: poultry, collection: user_details
2024-12-06 11:26:40,192 - GLens - INFO - mongoUtility - 17 - Connected to database: poultry, collection: user_details
2024-12-09 12:24:04,671 - GLens - INFO - mongoUtility - 17 - Connected to database: poultry, collection: user_details
2024-12-09 12:24:05,395 - GLens - INFO - mongoUtility - 17 - Connected to database: poultry, collection: setting_tab_details
2024-12-09 12:26:08,360 - GLens - INFO - mongoUtility - 17 - Connected to database: poultry, collection: user_details
2024-12-09 12:26:08,998 - GLens - INFO - mongoUtility - 17 - Connected to database: poultry, collection: setting_tab_details
2024-12-09 12:30:13,703 - GLens - INFO - mongoUtility - 17 - Connected to database: poultry, collection: user_details
2024-12-09 12:30:14,028 - GLens - INFO - mongoUtility - 17 - Connected to database: poultry, collection: setting_tab_details
2024-12-09 12:31:26,769 - GLens - INFO - mongoUtility - 17 - Connected to database: poultry, collection: user_details
2024-12-09 12:31:35,031 - GLens - INFO - mongoUtility - 17 - Connected to database: poultry, collection: setting_tab_details
2024-12-09 12:43:00,026 - GLens - INFO - mongoUtility - 17 - Connected to database: poultry, collection: user_details
2024-12-09 12:43:00,376 - GLens - INFO - mongoUtility - 17 - Connected to database: poultry, collection: setting_tab_details
2024-12-09 12:44:38,183 - GLens - INFO - mongoUtility - 17 - Connected to database: poultry, collection: user_details
2024-12-09 12:44:38,563 - GLens - INFO - mongoUtility - 17 - Connected to database: poultry, collection: setting_tab_details
2024-12-09 14:26:33,590 - GLens - INFO - mongoUtility - 17 - Connected to database: poultry, collection: user_details
2024-12-09 14:26:34,134 - GLens - INFO - mongoUtility - 17 - Connected to database: poultry, collection: setting_tab_details
2024-12-09 14:49:31,711 - GLens - INFO - mongoUtility - 17 - Connected to database: poultry, collection: user_details
2024-12-09 14:49:32,201 - GLens - INFO - mongoUtility - 17 - Connected to database: poultry, collection: setting_tab_details
2024-12-09 14:50:13,183 - GLens - INFO - mongoUtility - 17 - Connected to database: poultry, collection: user_details
2024-12-09 14:50:13,790 - GLens - INFO - mongoUtility - 17 - Connected to database: poultry, collection: setting_tab_details
2024-12-09 14:53:10,348 - GLens - INFO - mongoUtility - 17 - Connected to database: poultry, collection: user_details
2024-12-09 14:53:10,684 - GLens - INFO - mongoUtility - 17 - Connected to database: poultry, collection: setting_tab_details
2024-12-09 14:53:44,398 - GLens - INFO - mongoUtility - 17 - Connected to database: poultry, collection: user_details
2024-12-09 14:53:44,683 - GLens - INFO - mongoUtility - 17 - Connected to database: poultry, collection: setting_tab_details
